04/10/2016 17:04:19:      Execution started.
04/10/2016 17:04:19:      QlikView Version:10.00.9061.7
04/10/2016 17:04:19: 0002  SET ThousandSep=','
04/10/2016 17:04:19: 0003  SET DecimalSep='.'
04/10/2016 17:04:19: 0004  SET MoneyThousandSep=','
04/10/2016 17:04:19: 0005  SET MoneyDecimalSep='.'
04/10/2016 17:04:19: 0006  SET MoneyFormat='? #,##0.00;? -#,##0.00'
04/10/2016 17:04:19: 0007  SET TimeFormat='hh:mm:ss'
04/10/2016 17:04:19: 0008  SET DateFormat='DD/MM/YYYY'
04/10/2016 17:04:19: 0009  SET TimestampFormat='DD/MM/YYYY hh:mm:ss[.fff]'
04/10/2016 17:04:19: 0010  SET MonthNames='Jan;Feb;Mar;Apr;May;Jun;Jul;Aug;Sep;Oct;Nov;Dec'
04/10/2016 17:04:19: 0011  SET DayNames='Mon;Tue;Wed;Thu;Fri;Sat;Sun'
04/10/2016 17:04:19: 0013  TeamData:
04/10/2016 17:04:19: 0014  LOAD * inline [
04/10/2016 17:04:19: 0015  SalesGroup|Team|Date|Amount
04/10/2016 17:04:19: 0016  East|Gamma|01/05/2013|20000
04/10/2016 17:04:19: 0017  East|Gamma|02/05/2013|20000
04/10/2016 17:04:19: 0018  West|Zeta|01/06/2013|19000
04/10/2016 17:04:19: 0019  East|Alpha|01/07/2013|25000
04/10/2016 17:04:19: 0020  East|Delta|01/08/2013|14000
04/10/2016 17:04:19: 0021  West|Epsilon|01/09/2013|17000
04/10/2016 17:04:19: 0022  West|Eta|01/10/2013|14000
04/10/2016 17:04:19: 0023  East|Beta|01/11/2013|20000
04/10/2016 17:04:19: 0024  West|Theta|01/12/2013|23000
04/10/2016 17:04:19: 0025  ] (delimiter is '|')
04/10/2016 17:04:19:       	4 fields found: SalesGroup, Team, Date, Amount, 9 lines fetched
04/10/2016 17:04:19:      Execution finished.
