04/10/2016 13:15:24:      Execution started.
04/10/2016 13:15:24:      QlikView Version:10.00.9061.7
04/10/2016 13:15:24: 0002  SET ThousandSep=','
04/10/2016 13:15:24: 0003  SET DecimalSep='.'
04/10/2016 13:15:24: 0004  SET MoneyThousandSep=','
04/10/2016 13:15:24: 0005  SET MoneyDecimalSep='.'
04/10/2016 13:15:24: 0006  SET MoneyFormat='? #,##0.00;? -#,##0.00'
04/10/2016 13:15:24: 0007  SET TimeFormat='hh:mm:ss'
04/10/2016 13:15:24: 0008  SET DateFormat='DD/MM/YYYY'
04/10/2016 13:15:24: 0009  SET TimestampFormat='DD/MM/YYYY hh:mm:ss[.fff]'
04/10/2016 13:15:24: 0010  SET MonthNames='Jan;Feb;Mar;Apr;May;Jun;Jul;Aug;Sep;Oct;Nov;Dec'
04/10/2016 13:15:24: 0011  SET DayNames='Mon;Tue;Wed;Thu;Fri;Sat;Sun'
04/10/2016 13:15:24: 0013  Temp:
04/10/2016 13:15:24: 0014  LOAD * inline [
04/10/2016 13:15:24: 0015  Customer|Product|OrderNumber|UnitSales|CustomerID
04/10/2016 13:15:24: 0016  Astrida|AA|1|10|1
04/10/2016 13:15:24: 0017  Astrida|AA|7|18|1
04/10/2016 13:15:24: 0018  Astrida|BB|4|9|1
04/10/2016 13:15:24: 0019  Astrida|CC|6|2|1
04/10/2016 13:15:24: 0020  Betacab|AA|5|4|2
04/10/2016 13:15:24: 0021  Betacab|BB|2|5|2
04/10/2016 13:15:24: 0022  Betacab|DD|12|25|2
04/10/2016 13:15:24: 0023  Canutility|AA|3|8|3
04/10/2016 13:15:24: 0024  Canutility|CC|13|19|3
04/10/2016 13:15:24: 0025  Divadip|AA|9|16|4
04/10/2016 13:15:24: 0026  Divadip|AA|10|16|4
04/10/2016 13:15:24: 0027  Divadip|DD|11|10|4
04/10/2016 13:15:24: 0028  ] (delimiter is '|')
04/10/2016 13:15:24:       	5 fields found: Customer, Product, OrderNumber, UnitSales, CustomerID, 12 lines fetched
04/10/2016 13:15:24: 0030  FirstSortedValue:
04/10/2016 13:15:24: 0031  LOAD Customer,
04/10/2016 13:15:24: 0032  	FirstSortedValue(Product, UnitSales) as MyProductWithSmallestOrderByCustomer 
04/10/2016 13:15:24: 0033  	Resident Temp 
04/10/2016 13:15:24: 0034  Group By Customer
04/10/2016 13:15:24:       	2 fields found: Customer, MyProductWithSmallestOrderByCustomer, 4 lines fetched
04/10/2016 13:15:24: 0036  FirstSortedValue1:
04/10/2016 13:15:24: 0037  LOAD Customer,
04/10/2016 13:15:24: 0038  	FirstSortedValue(Product, -UnitSales) as MyProductWithLargestOrderByCustomer 
04/10/2016 13:15:24: 0039  	Resident Temp 
04/10/2016 13:15:24: 0040  	Group By Customer
04/10/2016 13:15:24:       	2 fields found: Customer, MyProductWithLargestOrderByCustomer, 4 lines fetched
04/10/2016 13:15:24:      Execution finished.
