10/10/2016 12:08:02:      Execution started.
10/10/2016 12:08:02:      QlikView Version:10.00.9061.7
10/10/2016 12:08:02: 0002  SET ThousandSep=','
10/10/2016 12:08:02: 0003  SET DecimalSep='.'
10/10/2016 12:08:02: 0004  SET MoneyThousandSep=','
10/10/2016 12:08:02: 0005  SET MoneyDecimalSep='.'
10/10/2016 12:08:02: 0006  SET MoneyFormat='? #,##0.00;? -#,##0.00'
10/10/2016 12:08:02: 0007  SET TimeFormat='hh:mm:ss'
10/10/2016 12:08:02: 0008  SET DateFormat='DD/MM/YYYY'
10/10/2016 12:08:02: 0009  SET TimestampFormat='DD/MM/YYYY hh:mm:ss[.fff]'
10/10/2016 12:08:02: 0010  SET MonthNames='Jan;Feb;Mar;Apr;May;Jun;Jul;Aug;Sep;Oct;Nov;Dec'
10/10/2016 12:08:02: 0011  SET DayNames='Mon;Tue;Wed;Thu;Fri;Sat;Sun'
10/10/2016 12:08:02: 0013  RangeTab:
10/10/2016 12:08:02: 0014  LOAD * INLINE [
10/10/2016 12:08:02: 0015  MyField
10/10/2016 12:08:02: 0016  10
10/10/2016 12:08:02: 0017  2
10/10/2016 12:08:02: 0018  8
10/10/2016 12:08:02: 0019  18
10/10/2016 12:08:02: 0020  5
10/10/2016 12:08:02: 0021  9
10/10/2016 12:08:02: 0022  ] 
10/10/2016 12:08:02:       	1 fields found: MyField, 6 lines fetched
10/10/2016 12:08:02: 0025  RangeTab2:
10/10/2016 12:08:02: 0026  LOAD 
10/10/2016 12:08:02: 0027  
10/10/2016 12:08:02: 0028  * INLINE [
10/10/2016 12:08:02: 0029  Field1, Field2, Field3
10/10/2016 12:08:02: 0030  10,5,6
10/10/2016 12:08:02: 0031  2,3,7
10/10/2016 12:08:02: 0032  8,2,8
10/10/2016 12:08:02: 0033  18,11,9
10/10/2016 12:08:02: 0034  5,5,9
10/10/2016 12:08:02: 0035  9,3,2
10/10/2016 12:08:02: 0036  ]
10/10/2016 12:08:02:       	3 fields found: Field1, Field2, Field3, 6 lines fetched
10/10/2016 12:08:02: 0038  RangeTab3:
10/10/2016 12:08:02: 0039  LOAD * INLINE [
10/10/2016 12:08:02: 0040  MyField1
10/10/2016 12:08:02: 0041  10
10/10/2016 12:08:02: 0042  'abc'
10/10/2016 12:08:02: 0043  8
10/10/2016 12:08:02: 0044  'def'
10/10/2016 12:08:02: 0045  'xyz'
10/10/2016 12:08:02: 0046  9
10/10/2016 12:08:02: 0047  ]
10/10/2016 12:08:02:       	1 fields found: MyField1, 6 lines fetched
10/10/2016 12:08:02:      Execution finished.
