07/10/2016 11:33:38:      Execution started.
07/10/2016 11:33:38:      QlikView Version:10.00.9061.7
07/10/2016 11:33:38: 0002  SET ThousandSep=','
07/10/2016 11:33:38: 0003  SET DecimalSep='.'
07/10/2016 11:33:38: 0004  SET MoneyThousandSep=','
07/10/2016 11:33:38: 0005  SET MoneyDecimalSep='.'
07/10/2016 11:33:38: 0006  SET MoneyFormat='? #,##0.00;? -#,##0.00'
07/10/2016 11:33:38: 0007  SET TimeFormat='hh:mm:ss'
07/10/2016 11:33:38: 0008  SET DateFormat='DD/MM/YYYY'
07/10/2016 11:33:38: 0009  SET TimestampFormat='DD/MM/YYYY hh:mm:ss[.fff]'
07/10/2016 11:33:38: 0010  SET MonthNames='Jan;Feb;Mar;Apr;May;Jun;Jul;Aug;Sep;Oct;Nov;Dec'
07/10/2016 11:33:38: 0011  SET DayNames='Mon;Tue;Wed;Thu;Fri;Sat;Sun'
07/10/2016 11:33:38: 0013  LET vdate='Last update: '&reloadtime()
07/10/2016 11:33:38: 0017  A:
07/10/2016 11:33:38: 0018  LOAD * Inline
07/10/2016 11:33:38: 0019  [
07/10/2016 11:33:38: 0020  VDate
07/10/2016 11:33:38: 0021  '28-02-2000'
07/10/2016 11:33:38: 0022  
07/10/2016 11:33:38: 0023  ]
07/10/2016 11:33:38:       	1 fields found: VDate, 1 lines fetched
07/10/2016 11:33:38: 0025  ADDMONTHS:
07/10/2016 11:33:38: 0026  LOAD ADDMONTHS(Date#(VDate,'DD-MM-YYYY'),5,1) AS ADDMONTHS
07/10/2016 11:33:38: 0027  
07/10/2016 11:33:38: 0028  Resident A
07/10/2016 11:33:38:       	1 fields found: ADDMONTHS, 1 lines fetched
07/10/2016 11:33:38: 0030  ADDYEARS:
07/10/2016 11:33:38: 0031  LOAD AddYears(Date#(VDate,'DD-MM-YYYY'),-5) AS ADDYEARS
07/10/2016 11:33:38: 0032  Resident A
07/10/2016 11:33:38:       	1 fields found: ADDYEARS, 1 lines fetched
07/10/2016 11:33:38: 0034  AGE:
07/10/2016 11:33:38: 0035  LOAD Age(Date#('05-10-2015','DD-MM-YYYY'),Date#(VDate,'DD-MM-YYYY')) AS AGE
07/10/2016 11:33:38: 0036  Resident A
07/10/2016 11:33:38:       	1 fields found: AGE, 1 lines fetched
07/10/2016 11:33:38: 0038  Employees:
07/10/2016 11:33:38: 0039  LOAD * INLINE [
07/10/2016 11:33:38: 0040  Member|DateOfBirth
07/10/2016 11:33:38: 0041  John|28/03/1989
07/10/2016 11:33:38: 0042  Linda|10/12/1990
07/10/2016 11:33:38: 0043  Steve|5/2/1992
07/10/2016 11:33:38: 0044  Birg|31/3/1993
07/10/2016 11:33:38: 0045  Raj|19/5/1994
07/10/2016 11:33:38: 0046  Prita|15/9/1994
07/10/2016 11:33:38: 0047  Su|11/12/1994
07/10/2016 11:33:38: 0048  Goran|2/3/1995
07/10/2016 11:33:38: 0049  Sunny|14/5/1996
07/10/2016 11:33:38: 0050  Ajoa|13/6/1996
07/10/2016 11:33:38: 0051  Daphne|7/7/1998
07/10/2016 11:33:38: 0052  Biffy|4/8/2000
07/10/2016 11:33:38: 0053  ] (delimiter is |)
07/10/2016 11:33:38:       	2 fields found: Member, DateOfBirth, 12 lines fetched
07/10/2016 11:33:38: 0054  AgeTable:
07/10/2016 11:33:38: 0055  Load *,
07/10/2016 11:33:38: 0056  age('05/10/2015', DateOfBirth) As Age
07/10/2016 11:33:38: 0057  Resident Employees
07/10/2016 11:33:38:       	3 fields found: Member, DateOfBirth, Age, 12 lines fetched
07/10/2016 11:33:38: 0058  Drop table Employees
07/10/2016 11:33:38: 0061  DAY:
07/10/2016 11:33:38: 0062  LOAD Day(Date#(VDate,'DD-MM-YYYY')) AS DAY
07/10/2016 11:33:38: 0063  Resident A
07/10/2016 11:33:38:       	1 fields found: DAY, 1 lines fetched
07/10/2016 11:33:38: 0065  DAYNAME:
07/10/2016 11:33:38: 0066  LOAD DAYNAME(Date#(VDate,'DD-MM-YYYY')) AS DAYNAME,
07/10/2016 11:33:38: 0067  DAYNAME(Date#(VDate,'DD-MM-YYYY'),-1) AS DAYNAME1
07/10/2016 11:33:38: 0068  Resident A
07/10/2016 11:33:38:       	2 fields found: DAYNAME, DAYNAME1, 1 lines fetched
07/10/2016 11:33:38: 0070  DAYEND:
07/10/2016 11:33:38: 0071  LOAD DayEnd(Date#(VDate,'DD-MM-YYYY')) AS DAYEND,
07/10/2016 11:33:38: 0072  DayEnd(Date#(VDate,'DD-MM-YYYY'),-1) AS DAYEND1,
07/10/2016 11:33:38: 0073  DayEnd(Date#(VDate,'DD-MM-YYYY'),0, 0.125) AS DAYEND2
07/10/2016 11:33:38: 0074  Resident A
07/10/2016 11:33:38:       	3 fields found: DAYEND, DAYEND1, DAYEND2, 1 lines fetched
07/10/2016 11:33:38: 0076  DAYSTART:
07/10/2016 11:33:38: 0077  LOAD DAYSTART(Date#(VDate,'DD-MM-YYYY')) AS DAYSTART,
07/10/2016 11:33:38: 0078  DAYSTART(Date#(VDate,'DD-MM-YYYY'),-1) AS DAYSTART1,
07/10/2016 11:33:38: 0079  DAYSTART(Date#(VDate,'DD-MM-YYYY'),0, 0.5) AS DAYSTART2
07/10/2016 11:33:38: 0080  Resident A
07/10/2016 11:33:38:       	3 fields found: DAYSTART, DAYSTART1, DAYSTART2, 1 lines fetched
07/10/2016 11:33:38: 0086  MONTH:
07/10/2016 11:33:38: 0087  LOAD Month(Date#(VDate,'DD-MM-YYYY')) AS MONTH
07/10/2016 11:33:38: 0088  Resident A
07/10/2016 11:33:38:       	1 fields found: MONTH, 1 lines fetched
07/10/2016 11:33:38: 0090  MONTHNAME:
07/10/2016 11:33:38: 0091  LOAD MONTHNAME(Date#(VDate,'DD-MM-YYYY')) AS MONTHNAME,
07/10/2016 11:33:38: 0092  MONTHNAME(Date#(VDate,'DD-MM-YYYY'),-1) AS MONTHNAME1
07/10/2016 11:33:38: 0093  Resident A
07/10/2016 11:33:38:       	2 fields found: MONTHNAME, MONTHNAME1, 1 lines fetched
07/10/2016 11:33:38: 0095  MONTHEND:
07/10/2016 11:33:38: 0096  LOAD MONTHEND(Date#(VDate,'DD-MM-YYYY')) AS MONTHEND,
07/10/2016 11:33:38: 0097  MONTHEND(Date#(VDate,'DD-MM-YYYY'),-1) AS MONTHEND1
07/10/2016 11:33:38: 0098  Resident A
07/10/2016 11:33:38:       	2 fields found: MONTHEND, MONTHEND1, 1 lines fetched
07/10/2016 11:33:38: 0100  MONTHSTART:
07/10/2016 11:33:38: 0101  LOAD MONTHSTART(Date#(VDate,'DD-MM-YYYY')) AS MONTHSTART,
07/10/2016 11:33:38: 0102  MONTHSTART(Date#(VDate,'DD-MM-YYYY'),-1) AS MONTHSTART1
07/10/2016 11:33:38: 0103  Resident A
07/10/2016 11:33:38:       	2 fields found: MONTHSTART, MONTHSTART1, 1 lines fetched
07/10/2016 11:33:38: 0108  QUARTERNAME:
07/10/2016 11:33:38: 0109  LOAD QuarterName(Date#(VDate,'DD-MM-YYYY')) AS QUARTERNAME,
07/10/2016 11:33:38: 0110  QuarterName(Date#(VDate,'DD-MM-YYYY'),-1) AS QUARTERNAME1,
07/10/2016 11:33:38: 0111  QuarterName(Date#(VDate,'DD-MM-YYYY'),0,3) AS QUARTERNAME2
07/10/2016 11:33:38: 0112  Resident A
07/10/2016 11:33:38:       	3 fields found: QUARTERNAME, QUARTERNAME1, QUARTERNAME2, 1 lines fetched
07/10/2016 11:33:38: 0114  QUARTEREND:
07/10/2016 11:33:38: 0115  LOAD QUARTEREnd(Date#(VDate,'DD-MM-YYYY')) AS QUARTEREND,
07/10/2016 11:33:38: 0116  QUARTEREnd(Date#(VDate,'DD-MM-YYYY'),-1) AS QUARTEREND1,
07/10/2016 11:33:38: 0117  QUARTEREnd(Date#(VDate,'DD-MM-YYYY'),0, 3) AS QUARTEREND2
07/10/2016 11:33:38: 0118  Resident A
07/10/2016 11:33:38:       	3 fields found: QUARTEREND, QUARTEREND1, QUARTEREND2, 1 lines fetched
07/10/2016 11:33:38: 0120  QUARTERSTART:
07/10/2016 11:33:38: 0121  LOAD QUARTERSTART(Date#(VDate,'DD-MM-YYYY')) AS QUARTERSTART,
07/10/2016 11:33:38: 0122  QUARTERSTART(Date#(VDate,'DD-MM-YYYY'),-1) AS QUARTERSTART1,
07/10/2016 11:33:38: 0123  QUARTERSTART(Date#(VDate,'DD-MM-YYYY'),0, 3) AS QUARTERSTART2
07/10/2016 11:33:38: 0124  Resident A
07/10/2016 11:33:38:       	3 fields found: QUARTERSTART, QUARTERSTART1, QUARTERSTART2, 1 lines fetched
07/10/2016 11:33:38: 0126  WEEK:
07/10/2016 11:33:38: 0127  LOAD WEEK(Date#(VDate,'DD-MM-YYYY')) AS WEEK
07/10/2016 11:33:38: 0128  Resident A
07/10/2016 11:33:38:       	1 fields found: WEEK, 1 lines fetched
07/10/2016 11:33:38: 0130  YEAR:
07/10/2016 11:33:38: 0131  LOAD Year(Date#(VDate,'DD-MM-YYYY')) AS YEAR
07/10/2016 11:33:38: 0132  Resident A
07/10/2016 11:33:38:       	1 fields found: YEAR, 1 lines fetched
07/10/2016 11:33:38: 0134  YEARNAME:
07/10/2016 11:33:38: 0135  LOAD YEARNAME(Date#(VDate,'DD-MM-YYYY')) AS YEARNAME,
07/10/2016 11:33:38: 0136  YEARNAME(Date#(VDate,'DD-MM-YYYY'),-1) AS YEARNAME1
07/10/2016 11:33:38: 0137  Resident A
07/10/2016 11:33:38:       	2 fields found: YEARNAME, YEARNAME1, 1 lines fetched
07/10/2016 11:33:38: 0139  YEAREND:
07/10/2016 11:33:38: 0140  LOAD YEAREND(Date#(VDate,'DD-MM-YYYY')) AS YEAREND,
07/10/2016 11:33:38: 0141  YEAREND(Date#(VDate,'DD-MM-YYYY'),-1) AS YEAREND1,
07/10/2016 11:33:38: 0142  YEAREND(Date#(VDate,'DD-MM-YYYY'),0, 2) AS YEAREND2
07/10/2016 11:33:38: 0143  Resident A
07/10/2016 11:33:38:       	3 fields found: YEAREND, YEAREND1, YEAREND2, 1 lines fetched
07/10/2016 11:33:38: 0145  YEARSTART:
07/10/2016 11:33:38: 0146  LOAD YEARSTART(Date#(VDate,'DD-MM-YYYY')) AS YEARSTART,
07/10/2016 11:33:38: 0147  YEARSTART(Date#(VDate,'DD-MM-YYYY'),-1) AS YEARSTART1,
07/10/2016 11:33:38: 0148  YEARSTART(Date#(VDate,'DD-MM-YYYY'),0, 5) AS YEARSTART2
07/10/2016 11:33:38: 0149  Resident A
07/10/2016 11:33:38:       	3 fields found: YEARSTART, YEARSTART1, YEARSTART2, 1 lines fetched
07/10/2016 11:33:38:      Execution finished.
