04/10/2016 15:07:21:      Execution started.
04/10/2016 15:07:21:      QlikView Version:10.00.9061.7
04/10/2016 15:07:21: 0002  SET ThousandSep=','
04/10/2016 15:07:21: 0003  SET DecimalSep='.'
04/10/2016 15:07:21: 0004  SET MoneyThousandSep=','
04/10/2016 15:07:21: 0005  SET MoneyDecimalSep='.'
04/10/2016 15:07:21: 0006  SET MoneyFormat='? #,##0.00;? -#,##0.00'
04/10/2016 15:07:21: 0007  SET TimeFormat='hh:mm:ss'
04/10/2016 15:07:21: 0008  SET DateFormat='DD/MM/YYYY'
04/10/2016 15:07:21: 0009  SET TimestampFormat='DD/MM/YYYY hh:mm:ss[.fff]'
04/10/2016 15:07:21: 0010  SET MonthNames='Jan;Feb;Mar;Apr;May;Jun;Jul;Aug;Sep;Oct;Nov;Dec'
04/10/2016 15:07:21: 0011  SET DayNames='Mon;Tue;Wed;Thu;Fri;Sat;Sun'
04/10/2016 15:07:21: 0013  Temp:
04/10/2016 15:07:21: 0014  LOAD * inline [
04/10/2016 15:07:21: 0015  Customer|Product|OrderNumber|UnitSales|UnitPrice
04/10/2016 15:07:21: 0016  Astrida|AA|1|4|16
04/10/2016 15:07:21: 0017  Astrida|AA|7|10|15
04/10/2016 15:07:21: 0018  Astrida|BB|4|9|9
04/10/2016 15:07:21: 0019  Betacab|CC|6|5|10
04/10/2016 15:07:21: 0020  Betacab|AA|5|2|20
04/10/2016 15:07:21: 0021  Betacab|BB|1|25| 25
04/10/2016 15:07:21: 0022  Canutility|AA|3|8|15
04/10/2016 15:07:21: 0023  Canutility|CC|||19
04/10/2016 15:07:21: 0024  Divadip|CC|2|4|16
04/10/2016 15:07:21: 0025  Divadip|DD|3|1|25
04/10/2016 15:07:21: 0026  ] (delimiter is '|')
04/10/2016 15:07:21:       	5 fields found: Customer, Product, OrderNumber, UnitSales, UnitPrice, 10 lines fetched
04/10/2016 15:07:21: 0028  Count1:
04/10/2016 15:07:21: 0029  LOAD Customer,
04/10/2016 15:07:21: 0030  	Count(OrderNumber) as OrdersByCustomer 
04/10/2016 15:07:21: 0031  	Resident Temp 
04/10/2016 15:07:21: 0032  Group By Customer
04/10/2016 15:07:21:       	2 fields found: Customer, OrdersByCustomer, 4 lines fetched
04/10/2016 15:07:21: 0034  Count2:
04/10/2016 15:07:21: 0035  LOAD Count(distinct OrderNumber) as TotalOrderNumber 
04/10/2016 15:07:21: 0036  	Resident Temp
04/10/2016 15:07:21:       	1 fields found: TotalOrderNumber, 1 lines fetched
04/10/2016 15:07:21:      Execution finished.
