04/10/2016 15:22:04:      Execution started.
04/10/2016 15:22:04:      QlikView Version:10.00.9061.7
04/10/2016 15:22:04: 0002  SET ThousandSep=','
04/10/2016 15:22:04: 0003  SET DecimalSep='.'
04/10/2016 15:22:04: 0004  SET MoneyThousandSep=','
04/10/2016 15:22:04: 0005  SET MoneyDecimalSep='.'
04/10/2016 15:22:04: 0006  SET MoneyFormat='? #,##0.00;? -#,##0.00'
04/10/2016 15:22:04: 0007  SET TimeFormat='hh:mm:ss'
04/10/2016 15:22:04: 0008  SET DateFormat='DD/MM/YYYY'
04/10/2016 15:22:04: 0009  SET TimestampFormat='DD/MM/YYYY hh:mm:ss[.fff]'
04/10/2016 15:22:04: 0010  SET MonthNames='Jan;Feb;Mar;Apr;May;Jun;Jul;Aug;Sep;Oct;Nov;Dec'
04/10/2016 15:22:04: 0011  SET DayNames='Mon;Tue;Wed;Thu;Fri;Sat;Sun'
04/10/2016 15:22:04: 0013  Temp:
04/10/2016 15:22:04: 0014  LOAD * inline [
04/10/2016 15:22:04: 0015  Customer|Product|OrderNumber|UnitSales|UnitPrice
04/10/2016 15:22:04: 0016  Astrida|AA|1|4|16
04/10/2016 15:22:04: 0017  Astrida|AA|7|10|15
04/10/2016 15:22:04: 0018  Astrida|BB|4|9|9
04/10/2016 15:22:04: 0019  Betacab|CC|6|5|10
04/10/2016 15:22:04: 0020  Betacab|AA|5|2|20
04/10/2016 15:22:04: 0021  Betacab|BB||| 25
04/10/2016 15:22:04: 0022  Canutility|AA|||15
04/10/2016 15:22:04: 0023  Canutility|CC| ||19
04/10/2016 15:22:04: 0024  Divadip|CC|2|4|16
04/10/2016 15:22:04: 0025  Divadip|DD|3|1|25
04/10/2016 15:22:04: 0026  ] (delimiter is '|')
04/10/2016 15:22:04:       	5 fields found: Customer, Product, OrderNumber, UnitSales, UnitPrice, 10 lines fetched
04/10/2016 15:22:04:      Execution finished.
