04/10/2016 15:24:15:      Execution started.
04/10/2016 15:24:15:      QlikView Version:10.00.9061.7
04/10/2016 15:24:15: 0002  SET ThousandSep=','
04/10/2016 15:24:15: 0003  SET DecimalSep='.'
04/10/2016 15:24:15: 0004  SET MoneyThousandSep=','
04/10/2016 15:24:15: 0005  SET MoneyDecimalSep='.'
04/10/2016 15:24:15: 0006  SET MoneyFormat='? #,##0.00;? -#,##0.00'
04/10/2016 15:24:15: 0007  SET TimeFormat='hh:mm:ss'
04/10/2016 15:24:15: 0008  SET DateFormat='DD/MM/YYYY'
04/10/2016 15:24:15: 0009  SET TimestampFormat='DD/MM/YYYY hh:mm:ss[.fff]'
04/10/2016 15:24:15: 0010  SET MonthNames='Jan;Feb;Mar;Apr;May;Jun;Jul;Aug;Sep;Oct;Nov;Dec'
04/10/2016 15:24:15: 0011  SET DayNames='Mon;Tue;Wed;Thu;Fri;Sat;Sun'
04/10/2016 15:24:15: 0013  Set NULLINTERPRET = NULL
04/10/2016 15:24:15: 0014  Temp:
04/10/2016 15:24:15: 0015  LOAD * inline [
04/10/2016 15:24:15: 0016  Customer|Product|OrderNumber|UnitSales|CustomerID
04/10/2016 15:24:15: 0017  Astrida|AA|1|10|1
04/10/2016 15:24:15: 0018  Astrida|AA|7|18|1
04/10/2016 15:24:15: 0019  Astrida|BB|4|9|1
04/10/2016 15:24:15: 0020  Astrida|CC|6|2|1
04/10/2016 15:24:15: 0021  Betacab|AA|5|4|2
04/10/2016 15:24:15: 0022  Betacab|BB|2|5|2
04/10/2016 15:24:15: 0023  Betacab|DD|||
04/10/2016 15:24:15: 0024  Canutility|AA|3|8|
04/10/2016 15:24:15: 0025  Canutility|CC|NULL||
04/10/2016 15:24:15: 0026  ] (delimiter is '|')
04/10/2016 15:24:15:       	5 fields found: Customer, Product, OrderNumber, UnitSales, CustomerID, 9 lines fetched
04/10/2016 15:24:15: 0027  Set NULLINTERPRET=
04/10/2016 15:24:15: 0028  NullCount1:
04/10/2016 15:24:15: 0029  LOAD Customer,NullCount(OrderNumber) as NullOrdersByCustomer Resident Temp Group By Customer
04/10/2016 15:24:15:       	2 fields found: Customer, NullOrdersByCustomer, 3 lines fetched
04/10/2016 15:24:15: 0031  LOAD NullCount(OrderNumber) as TotalNullCount Resident Temp
04/10/2016 15:24:15:       	1 fields found: TotalNullCount, 1 lines fetched
04/10/2016 15:24:15:      Execution finished.
