05/10/2016 17:40:31:      Execution started.
05/10/2016 17:40:31:      QlikView Version:10.00.9061.7
05/10/2016 17:40:31: 0002  SET ThousandSep=','
05/10/2016 17:40:31: 0003  SET DecimalSep='.'
05/10/2016 17:40:31: 0004  SET MoneyThousandSep=','
05/10/2016 17:40:31: 0005  SET MoneyDecimalSep='.'
05/10/2016 17:40:31: 0006  SET MoneyFormat='? #,##0.00;? -#,##0.00'
05/10/2016 17:40:31: 0007  SET TimeFormat='hh:mm:ss'
05/10/2016 17:40:31: 0008  SET DateFormat='DD/MM/YYYY'
05/10/2016 17:40:31: 0009  SET TimestampFormat='DD/MM/YYYY hh:mm:ss[.fff]'
05/10/2016 17:40:31: 0010  SET MonthNames='Jan;Feb;Mar;Apr;May;Jun;Jul;Aug;Sep;Oct;Nov;Dec'
05/10/2016 17:40:31: 0011  SET DayNames='Mon;Tue;Wed;Thu;Fri;Sat;Sun'
05/10/2016 17:40:31: 0014  Sales2013:
05/10/2016 17:40:31: 0015  crosstable (Month, Sales) LOAD * inline [
05/10/2016 17:40:31: 0016  Customer|Jan|Feb|Mar|Apr|May|Jun|Jul|Aug|Sep|Oct|Nov|Dec
05/10/2016 17:40:31: 0017  Astrida|46|60|70|13|78|20|45|65|78|12|78|22
05/10/2016 17:40:31: 0018  Betacab|65|56|22|79|12|56|45|24|32|78|55|15
05/10/2016 17:40:31: 0019  Canutility|77|68|34|91|24|68|57|36|44|90|67|27
05/10/2016 17:40:31: 0020  Divadip|57|36|44|90|67|27|57|68|47|90|80|94
05/10/2016 17:40:31: 0021  ] (delimiter is '|')
05/10/2016 17:40:31:       	13 fields found: Customer, Jan, Feb, Mar, Apr, May, Jun, Jul, Aug, Sep, Oct, Nov, Dec, 	3 fields found: Customer, Month, Sales, 48 lines fetched
05/10/2016 17:40:31:       4 lines fetched
05/10/2016 17:40:31:      Execution finished.
