10/03/2017 17:04:16:      Execution started.
10/03/2017 17:04:16:      QlikView Version:10.00.9061.7
10/03/2017 17:04:16: 0002  SET ThousandSep=','
10/03/2017 17:04:16: 0003  SET DecimalSep='.'
10/03/2017 17:04:16: 0004  SET MoneyThousandSep=','
10/03/2017 17:04:16: 0005  SET MoneyDecimalSep='.'
10/03/2017 17:04:16: 0006  SET MoneyFormat='? #,##0.00;? -#,##0.00'
10/03/2017 17:04:16: 0007  SET TimeFormat='hh:mm:ss'
10/03/2017 17:04:16: 0008  SET DateFormat='DD/MM/YYYY'
10/03/2017 17:04:16: 0009  SET TimestampFormat='DD/MM/YYYY hh:mm:ss[.fff]'
10/03/2017 17:04:16: 0010  SET MonthNames='Jan;Feb;Mar;Apr;May;Jun;Jul;Aug;Sep;Oct;Nov;Dec'
10/03/2017 17:04:16: 0011  SET DayNames='Mon;Tue;Wed;Thu;Fri;Sat;Sun'
10/03/2017 17:04:16: 0016  EmployeeDates:
10/03/2017 17:04:16: 0017  Load * Inline [
10/03/2017 17:04:16: 0018  EmployeeCode|StartDate|EndDate
10/03/2017 17:04:16: 0019  101|02/11/2010|23/06/2012
10/03/2017 17:04:16: 0020  102|01/11/2011|30/11/2013
10/03/2017 17:04:16: 0021  103|02/01/2012|
10/03/2017 17:04:16: 0022  104|02/01/2012|31/03/2012
10/03/2017 17:04:16: 0023  105|01/04/2012|31/01/2013
10/03/2017 17:04:16: 0024  106|02/11/2013|
10/03/2017 17:04:16: 0025  ] (delimiter is '|')
10/03/2017 17:04:16:       	3 fields found: EmployeeCode, StartDate, EndDate, 6 lines fetched
10/03/2017 17:04:16: 0027  FirstEmployee:
10/03/2017 17:04:16: 0028  Load EmployeeCode, Peek(EmployeeCode,3) As EmpCode
10/03/2017 17:04:16: 0029  Resident EmployeeDates
10/03/2017 17:04:16:       	2 fields found: EmployeeCode, EmpCode, 6 lines fetched
10/03/2017 17:04:16: 0032  T1:
10/03/2017 17:04:16: 0033  LOAD * inline [
10/03/2017 17:04:16: 0034  ID| Value
10/03/2017 17:04:16: 0035  1|3
10/03/2017 17:04:16: 0036  1|4
10/03/2017 17:04:16: 0037  1|6
10/03/2017 17:04:16: 0038  3|7
10/03/2017 17:04:16: 0039  3|8
10/03/2017 17:04:16: 0040  2|1
10/03/2017 17:04:16: 0041  2|11
10/03/2017 17:04:16: 0042  5|2
10/03/2017 17:04:16: 0043  5|78
10/03/2017 17:04:16: 0044  5|13
10/03/2017 17:04:16: 0045  ] (delimiter is '|')
10/03/2017 17:04:16:       	2 fields found: ID, Value, 10 lines fetched
10/03/2017 17:04:16: 0047  T2:
10/03/2017 17:04:16: 0048  LOAD
10/03/2017 17:04:16: 0049  *,
10/03/2017 17:04:16: 0050  IF(ID=Peek(ID), Peek(List)&','&Value,Value) AS List
10/03/2017 17:04:16: 0051  RESIDENT T1
10/03/2017 17:04:16: 0052  ORDER BY ID ASC
10/03/2017 17:04:16:       	3 fields found: ID, Value, List, 10 lines fetched
10/03/2017 17:04:16: 0053  DROP TABLE T1
10/03/2017 17:04:16: 0056  PREVIOUS:
10/03/2017 17:04:16: 0057  Load *, (Sales - Previous(Sales) )as Increase Inline [
10/03/2017 17:04:16: 0058  Month|Sales
10/03/2017 17:04:16: 0059  1|12
10/03/2017 17:04:16: 0060  2|13
10/03/2017 17:04:16: 0061  3|15
10/03/2017 17:04:16: 0062  4|17
10/03/2017 17:04:16: 0063  5|21
10/03/2017 17:04:16: 0064  6|21
10/03/2017 17:04:16: 0065  7|22
10/03/2017 17:04:16: 0066  8|23
10/03/2017 17:04:16: 0067  9|32
10/03/2017 17:04:16: 0068  10|35
10/03/2017 17:04:16: 0069  11|40
10/03/2017 17:04:16: 0070  12|41
10/03/2017 17:04:16: 0071  ] (delimiter is '|')
10/03/2017 17:04:16:       	3 fields found: Month, Sales, Increase, 12 lines fetched
10/03/2017 17:04:16:      Execution finished.
