07/10/2016 16:14:24:      Execution started.
07/10/2016 16:14:24:      QlikView Version:10.00.9061.7
07/10/2016 16:14:24: 0002  SET ThousandSep=','
07/10/2016 16:14:24: 0003  SET DecimalSep='.'
07/10/2016 16:14:24: 0004  SET MoneyThousandSep=','
07/10/2016 16:14:24: 0005  SET MoneyDecimalSep='.'
07/10/2016 16:14:24: 0006  SET MoneyFormat='? #,##0.00;? -#,##0.00'
07/10/2016 16:14:24: 0007  SET TimeFormat='hh:mm:ss'
07/10/2016 16:14:24: 0008  SET DateFormat='DD/MM/YYYY'
07/10/2016 16:14:24: 0009  SET TimestampFormat='DD/MM/YYYY hh:mm:ss[.fff]'
07/10/2016 16:14:24: 0010  SET MonthNames='Jan;Feb;Mar;Apr;May;Jun;Jul;Aug;Sep;Oct;Nov;Dec'
07/10/2016 16:14:24: 0011  SET DayNames='Mon;Tue;Wed;Thu;Fri;Sat;Sun'
07/10/2016 16:14:24: 0013  RangeTab:
07/10/2016 16:14:24: 0014  LOAD * INLINE [
07/10/2016 16:14:24: 0015  MyField
07/10/2016 16:14:24: 0016  10
07/10/2016 16:14:24: 0017  2
07/10/2016 16:14:24: 0018  8
07/10/2016 16:14:24: 0019  18
07/10/2016 16:14:24: 0020  5
07/10/2016 16:14:24: 0021  9
07/10/2016 16:14:24: 0022  ] 
07/10/2016 16:14:24:       	1 fields found: MyField, 6 lines fetched
07/10/2016 16:14:24: 0025  RangeTab2:
07/10/2016 16:14:24: 0026  LOAD 
07/10/2016 16:14:24: 0027  
07/10/2016 16:14:24: 0028  * INLINE [
07/10/2016 16:14:24: 0029  Field1, Field2, Field3
07/10/2016 16:14:24: 0030  10,5,6
07/10/2016 16:14:24: 0031  2,3,7
07/10/2016 16:14:24: 0032  8,2,8
07/10/2016 16:14:24: 0033  18,11,9
07/10/2016 16:14:24: 0034  5,5,9
07/10/2016 16:14:24: 0035  9,3,2
07/10/2016 16:14:24: 0036  ]
07/10/2016 16:14:24:       	3 fields found: Field1, Field2, Field3, 6 lines fetched
07/10/2016 16:14:24: 0038  RangeTab3:
07/10/2016 16:14:24: 0039  LOAD * INLINE [
07/10/2016 16:14:24: 0040  MyField1
07/10/2016 16:14:24: 0041  10
07/10/2016 16:14:24: 0042  'abc'
07/10/2016 16:14:24: 0043  8
07/10/2016 16:14:24: 0044  'def'
07/10/2016 16:14:24: 0045  'xyz'
07/10/2016 16:14:24: 0046  9
07/10/2016 16:14:24: 0047  ]
07/10/2016 16:14:24:       	1 fields found: MyField1, 6 lines fetched
07/10/2016 16:14:24:      Execution finished.
