15/12/2016 12:27:56:      Execution started.
15/12/2016 12:27:56:      QlikView Version:10.00.9061.7
15/12/2016 12:27:56: 0002  SET ThousandSep=','
15/12/2016 12:27:56: 0003  SET DecimalSep='.'
15/12/2016 12:27:56: 0004  SET MoneyThousandSep=','
15/12/2016 12:27:56: 0005  SET MoneyDecimalSep='.'
15/12/2016 12:27:56: 0006  SET MoneyFormat='? #,##0.00;? -#,##0.00'
15/12/2016 12:27:56: 0007  SET TimeFormat='hh:mm:ss'
15/12/2016 12:27:56: 0008  SET DateFormat='DD/MM/YYYY'
15/12/2016 12:27:56: 0009  SET TimestampFormat='DD/MM/YYYY hh:mm:ss[.fff]'
15/12/2016 12:27:56: 0010  SET MonthNames='Jan;Feb;Mar;Apr;May;Jun;Jul;Aug;Sep;Oct;Nov;Dec'
15/12/2016 12:27:56: 0011  SET DayNames='Mon;Tue;Wed;Thu;Fri;Sat;Sun'
15/12/2016 12:27:56: 0013  Names:
15/12/2016 12:27:56: 0014  LOAD * inline [
15/12/2016 12:27:56: 0015  "First name"|"Last name"|Initials|"Has cellphone"
15/12/2016 12:27:56: 0016  John|Anderson|JA|Yes
15/12/2016 12:27:56: 0017  Sue|Brown|SB|Yes
15/12/2016 12:27:56: 0018  Mark|Carr|MC |No
15/12/2016 12:27:56: 0019  Peter|Devonshire|PD|No
15/12/2016 12:27:56: 0020  Jane|Elliot|JE|Yes
15/12/2016 12:27:56: 0021  Peter|Franc|PF|Yes ] (delimiter is '|')
15/12/2016 12:27:56:       	4 fields found: First name, Last name, Initials, Has cellphone, 6 lines fetched
15/12/2016 12:27:56:      Execution finished.
